{
  "MiniTest": {
    "coverage": {
      "F:/Ryan/Development/Ruby/EventPlanner/app/models/event.rb": [
        1,
        null,
        1,
        1,
        1,
        null
      ],
      "F:/Ryan/Development/Ruby/EventPlanner/app/models/ticket.rb": [
        1,
        1,
        null,
        1,
        null
      ],
      "F:/Ryan/Development/Ruby/EventPlanner/app/helpers/application_helper.rb": [
        1,
        null
      ],
      "F:/Ryan/Development/Ruby/EventPlanner/app/helpers/events_helper.rb": [
        1,
        null
      ],
      "F:/Ryan/Development/Ruby/EventPlanner/app/helpers/tickets_helper.rb": [
        1,
        null
      ],
      "F:/Ryan/Development/Ruby/EventPlanner/app/helpers/users_helper.rb": [
        1,
        null
      ],
      "F:/Ryan/Development/Ruby/EventPlanner/test/helpers/sessions_helper_test.rb": [
        1,
        null,
        1,
        null
      ],
      "F:/Ryan/Development/Ruby/EventPlanner/test/helpers/tickets_helper_test.rb": [
        1,
        null,
        1,
        null
      ],
      "F:/Ryan/Development/Ruby/EventPlanner/test/helpers/users_helper_test.rb": [
        1,
        null,
        1,
        null
      ],
      "F:/Ryan/Development/Ruby/EventPlanner/test/models/event_test.rb": [
        1,
        null,
        1,
        1,
        1,
        null,
        null,
        null,
        null,
        null,
        null,
        null,
        1,
        null,
        1,
        null,
        null,
        null,
        null,
        null,
        null,
        null,
        1,
        null,
        null,
        1,
        1,
        null,
        null,
        null,
        null,
        null,
        null,
        null,
        1,
        null,
        1,
        null,
        null,
        null,
        null,
        null,
        null,
        null,
        1,
        null,
        null
      ],
      "F:/Ryan/Development/Ruby/EventPlanner/test/models/ticket_test.rb": [
        1,
        null,
        1,
        null,
        1,
        1,
        1,
        null,
        null,
        null,
        null,
        null,
        null,
        null,
        1,
        1,
        null,
        1,
        1,
        null,
        0,
        0,
        null,
        null,
        1,
        1,
        1,
        null,
        null,
        null,
        null,
        null,
        null,
        null,
        null,
        1,
        1,
        null,
        0,
        0,
        null,
        null,
        null,
        null,
        null
      ],
      "F:/Ryan/Development/Ruby/EventPlanner/test/models/user_test.rb": [
        1,
        null,
        1,
        1,
        1,
        1,
        null,
        1,
        1,
        null,
        1,
        1,
        null,
        1,
        1,
        null,
        1,
        1,
        null,
        1,
        1,
        null,
        null,
        1,
        1,
        1,
        null,
        1,
        1,
        null,
        1,
        1,
        null,
        1,
        1,
        null,
        null,
        null,
        null,
        null
      ],
      "F:/Ryan/Development/Ruby/EventPlanner/test/controllers/events_controller_test.rb": [
        1,
        null,
        1,
        null,
        null,
        null,
        null,
        null,
        null
      ],
      "F:/Ryan/Development/Ruby/EventPlanner/test/controllers/sessions_controller_test.rb": [
        1,
        null,
        1,
        null,
        null,
        null,
        null
      ],
      "F:/Ryan/Development/Ruby/EventPlanner/test/controllers/tickets_controller_test.rb": [
        1,
        null,
        1,
        null,
        null,
        null,
        null
      ],
      "F:/Ryan/Development/Ruby/EventPlanner/test/controllers/users_controller_test.rb": [
        1,
        null,
        1,
        null,
        1,
        1,
        0,
        null,
        null,
        null
      ],
      "F:/Ryan/Development/Ruby/EventPlanner/app/controllers/users_controller.rb": [
        1,
        1,
        0,
        null,
        0,
        0,
        0,
        0,
        null,
        0,
        null,
        null,
        null,
        1,
        0,
        null,
        null,
        1,
        0,
        null,
        null,
        1,
        0,
        null,
        null,
        null,
        1,
        null,
        1,
        0,
        null,
        null
      ],
      "F:/Ryan/Development/Ruby/EventPlanner/app/controllers/application_controller.rb": [
        1,
        null,
        null,
        1,
        1,
        null,
        1,
        null,
        1,
        0,
        0,
        null,
        null,
        1,
        0,
        0,
        0,
        null,
        0,
        null,
        null,
        1,
        0,
        0,
        0,
        0,
        0,
        null,
        null,
        0,
        null,
        null,
        1,
        0,
        0,
        0,
        0,
        0,
        null,
        null,
        0,
        null,
        null,
        1,
        0,
        null,
        0,
        null,
        null,
        null
      ]
    },
    "timestamp": 1416865059
  },
  "Unit Tests": {
    "coverage": {
      "F:/Ryan/Development/Ruby/EventPlanner/app/models/event.rb": [
        1,
        null,
        1,
        1,
        1,
        null
      ],
      "F:/Ryan/Development/Ruby/EventPlanner/app/models/ticket.rb": [
        1,
        1,
        null,
        1,
        null
      ],
      "F:/Ryan/Development/Ruby/EventPlanner/app/helpers/application_helper.rb": [
        1,
        null
      ],
      "F:/Ryan/Development/Ruby/EventPlanner/app/helpers/events_helper.rb": [
        1,
        null
      ],
      "F:/Ryan/Development/Ruby/EventPlanner/app/helpers/tickets_helper.rb": [
        1,
        null
      ],
      "F:/Ryan/Development/Ruby/EventPlanner/app/helpers/users_helper.rb": [
        1,
        null
      ],
      "F:/Ryan/Development/Ruby/EventPlanner/test/helpers/sessions_helper_test.rb": [
        1,
        null,
        1,
        null
      ],
      "F:/Ryan/Development/Ruby/EventPlanner/test/helpers/tickets_helper_test.rb": [
        1,
        null,
        1,
        null
      ],
      "F:/Ryan/Development/Ruby/EventPlanner/test/helpers/users_helper_test.rb": [
        1,
        null,
        1,
        null
      ],
      "F:/Ryan/Development/Ruby/EventPlanner/test/models/event_test.rb": [
        1,
        null,
        1,
        1,
        1,
        null,
        null,
        null,
        null,
        null,
        null,
        null,
        1,
        null,
        1,
        null,
        null,
        null,
        null,
        null,
        null,
        null,
        1,
        null,
        null,
        1,
        1,
        null,
        null,
        null,
        null,
        null,
        null,
        null,
        1,
        null,
        1,
        null,
        null,
        null,
        null,
        null,
        null,
        null,
        1,
        null,
        null
      ],
      "F:/Ryan/Development/Ruby/EventPlanner/test/models/ticket_test.rb": [
        1,
        null,
        1,
        null,
        1,
        1,
        1,
        null,
        null,
        null,
        null,
        null,
        null,
        null,
        1,
        1,
        null,
        1,
        1,
        null,
        0,
        0,
        null,
        null,
        1,
        1,
        1,
        null,
        null,
        null,
        null,
        null,
        null,
        null,
        null,
        1,
        1,
        null,
        0,
        0,
        null,
        null,
        null,
        null,
        null
      ],
      "F:/Ryan/Development/Ruby/EventPlanner/test/models/user_test.rb": [
        1,
        null,
        1,
        1,
        1,
        1,
        null,
        1,
        1,
        null,
        1,
        1,
        null,
        1,
        1,
        null,
        1,
        1,
        null,
        1,
        1,
        null,
        null,
        1,
        1,
        1,
        null,
        1,
        1,
        null,
        1,
        1,
        null,
        1,
        1,
        null,
        null,
        null,
        null,
        null
      ],
      "F:/Ryan/Development/Ruby/EventPlanner/test/controllers/events_controller_test.rb": [
        1,
        null,
        1,
        null,
        null,
        null,
        null,
        null,
        null
      ],
      "F:/Ryan/Development/Ruby/EventPlanner/test/controllers/sessions_controller_test.rb": [
        1,
        null,
        1,
        null,
        null,
        null,
        null
      ],
      "F:/Ryan/Development/Ruby/EventPlanner/test/controllers/tickets_controller_test.rb": [
        1,
        null,
        1,
        null,
        null,
        null,
        null
      ],
      "F:/Ryan/Development/Ruby/EventPlanner/test/controllers/users_controller_test.rb": [
        1,
        null,
        1,
        null,
        1,
        1,
        0,
        null,
        null,
        null
      ],
      "F:/Ryan/Development/Ruby/EventPlanner/app/controllers/users_controller.rb": [
        1,
        1,
        0,
        null,
        0,
        0,
        0,
        0,
        null,
        0,
        null,
        null,
        null,
        1,
        0,
        null,
        null,
        1,
        0,
        null,
        null,
        1,
        0,
        null,
        null,
        null,
        1,
        null,
        1,
        0,
        null,
        null
      ],
      "F:/Ryan/Development/Ruby/EventPlanner/app/controllers/application_controller.rb": [
        1,
        null,
        null,
        1,
        1,
        null,
        1,
        null,
        1,
        0,
        0,
        null,
        null,
        1,
        0,
        0,
        0,
        null,
        0,
        null,
        null,
        1,
        0,
        0,
        0,
        0,
        0,
        null,
        null,
        0,
        null,
        null,
        1,
        0,
        0,
        0,
        0,
        0,
        null,
        null,
        0,
        null,
        null,
        1,
        0,
        null,
        0,
        null,
        null,
        null
      ]
    },
    "timestamp": 1416864233
  },
  "RSpec": {
    "coverage": {
      "F:/Ryan/Development/Ruby/EventPlanner/app/models/event.rb": [
        1,
        null,
        1,
        1,
        1,
        null
      ],
      "F:/Ryan/Development/Ruby/EventPlanner/app/models/ticket.rb": [
        1,
        1,
        null,
        1,
        null
      ],
      "F:/Ryan/Development/Ruby/EventPlanner/app/helpers/application_helper.rb": [
        1,
        null
      ],
      "F:/Ryan/Development/Ruby/EventPlanner/app/helpers/events_helper.rb": [
        1,
        null
      ],
      "F:/Ryan/Development/Ruby/EventPlanner/app/helpers/tickets_helper.rb": [
        1,
        null
      ],
      "F:/Ryan/Development/Ruby/EventPlanner/app/helpers/users_helper.rb": [
        1,
        null
      ],
      "F:/Ryan/Development/Ruby/EventPlanner/test/helpers/sessions_helper_test.rb": [
        1,
        null,
        1,
        null
      ],
      "F:/Ryan/Development/Ruby/EventPlanner/test/helpers/tickets_helper_test.rb": [
        1,
        null,
        1,
        null
      ],
      "F:/Ryan/Development/Ruby/EventPlanner/test/helpers/users_helper_test.rb": [
        1,
        null,
        1,
        null
      ],
      "F:/Ryan/Development/Ruby/EventPlanner/test/models/event_test.rb": [
        1,
        null,
        1,
        1,
        1,
        null,
        null,
        null,
        null,
        null,
        null,
        null,
        1,
        null,
        1,
        null,
        null,
        null,
        null,
        null,
        null,
        null,
        1,
        null,
        null,
        1,
        1,
        null,
        null,
        null,
        null,
        null,
        null,
        null,
        1,
        null,
        1,
        null,
        null,
        null,
        null,
        null,
        null,
        null,
        1,
        null,
        null
      ],
      "F:/Ryan/Development/Ruby/EventPlanner/test/models/ticket_test.rb": [
        1,
        null,
        1,
        null,
        1,
        1,
        1,
        null,
        null,
        null,
        null,
        null,
        null,
        null,
        1,
        1,
        null,
        1,
        1,
        null,
        0,
        0,
        null,
        null,
        1,
        1,
        1,
        null,
        null,
        null,
        null,
        null,
        null,
        null,
        null,
        1,
        1,
        null,
        0,
        0,
        null,
        null,
        null,
        null,
        null
      ],
      "F:/Ryan/Development/Ruby/EventPlanner/test/models/user_test.rb": [
        1,
        null,
        1,
        1,
        1,
        1,
        null,
        1,
        1,
        null,
        1,
        1,
        null,
        1,
        1,
        null,
        1,
        1,
        null,
        1,
        1,
        null,
        null,
        1,
        1,
        1,
        null,
        1,
        1,
        null,
        1,
        1,
        null,
        1,
        1,
        null,
        null,
        null,
        null,
        null
      ],
      "F:/Ryan/Development/Ruby/EventPlanner/test/controllers/events_controller_test.rb": [
        1,
        null,
        1,
        null,
        null,
        null,
        null,
        null,
        null
      ],
      "F:/Ryan/Development/Ruby/EventPlanner/test/controllers/sessions_controller_test.rb": [
        1,
        null,
        1,
        null,
        null,
        null,
        null
      ],
      "F:/Ryan/Development/Ruby/EventPlanner/test/controllers/tickets_controller_test.rb": [
        1,
        null,
        1,
        null,
        null,
        null,
        null
      ],
      "F:/Ryan/Development/Ruby/EventPlanner/test/controllers/users_controller_test.rb": [
        1,
        null,
        1,
        null,
        1,
        1,
        1,
        null,
        null,
        null
      ],
      "F:/Ryan/Development/Ruby/EventPlanner/app/controllers/users_controller.rb": [
        1,
        1,
        0,
        null,
        0,
        0,
        0,
        0,
        null,
        0,
        null,
        null,
        null,
        1,
        0,
        null,
        null,
        1,
        0,
        null,
        null,
        1,
        0,
        null,
        null,
        null,
        1,
        null,
        1,
        0,
        null,
        null
      ],
      "F:/Ryan/Development/Ruby/EventPlanner/app/controllers/application_controller.rb": [
        1,
        null,
        null,
        1,
        1,
        null,
        1,
        null,
        1,
        0,
        0,
        null,
        null,
        1,
        0,
        0,
        0,
        null,
        0,
        null,
        null,
        1,
        0,
        0,
        0,
        0,
        0,
        null,
        null,
        0,
        null,
        null,
        1,
        0,
        0,
        0,
        0,
        0,
        null,
        null,
        0,
        null,
        null,
        1,
        0,
        null,
        0,
        null,
        null,
        null
      ]
    },
    "timestamp": 1416890099
  }
}
